[debug] [2019-06-08T12:38:16.246Z] ----------------------------------------------------------------------
[debug] [2019-06-08T12:38:16.267Z] Command:       C:\Program Files\nodejs\node.exe C:\Users\Gopal\AppData\Roaming\npm\node_modules\firebase-tools\lib\bin\firebase.js deploy
[debug] [2019-06-08T12:38:16.268Z] CLI Version:   6.9.2
[debug] [2019-06-08T12:38:16.268Z] Platform:      win32
[debug] [2019-06-08T12:38:16.268Z] Node Version:  v10.15.3
[debug] [2019-06-08T12:38:16.376Z] Time:          Sat Jun 08 2019 18:08:16 GMT+0530 (India Standard Time)
[debug] [2019-06-08T12:38:16.376Z] ----------------------------------------------------------------------
[debug] 
[debug] [2019-06-08T12:38:16.451Z] > command requires scopes: ["email","openid","https://www.googleapis.com/auth/cloudplatformprojects.readonly","https://www.googleapis.com/auth/firebase","https://www.googleapis.com/auth/cloud-platform"]
[debug] [2019-06-08T12:38:16.452Z] > authorizing via signed-in user
[debug] [2019-06-08T12:38:16.452Z] [iam] checking project polychopda-80040 for permissions ["firebase.projects.get","firebasehosting.sites.update"]
[debug] [2019-06-08T12:38:16.459Z] > refreshing access token with scopes: ["email","https://www.googleapis.com/auth/cloud-platform","https://www.googleapis.com/auth/cloudplatformprojects.readonly","https://www.googleapis.com/auth/firebase","openid"]
[debug] [2019-06-08T12:38:16.459Z] >>> HTTP REQUEST POST https://www.googleapis.com/oauth2/v3/token  
 <request body omitted>
[debug] [2019-06-08T12:38:16.939Z] <<< HTTP RESPONSE 200
[debug] [2019-06-08T12:38:17.041Z] >>> HTTP REQUEST POST https://cloudresourcemanager.googleapis.com/v1/projects/polychopda-80040:testIamPermissions  

[debug] [2019-06-08T12:38:18.866Z] <<< HTTP RESPONSE 200
[debug] [2019-06-08T12:38:18.869Z] >>> HTTP REQUEST GET https://firebase.googleapis.com/v1beta1/projects/polychopda-80040  
 
[debug] [2019-06-08T12:38:19.558Z] <<< HTTP RESPONSE 200
[info] 
[info] === Deploying to 'polychopda-80040'...
[info] 
[info] i  deploying hosting
[debug] [2019-06-08T12:38:19.587Z] >>> HTTP REQUEST POST https://firebasehosting.googleapis.com/v1beta1/sites/polychopda-80040/versions  

[debug] [2019-06-08T12:38:22.365Z] <<< HTTP RESPONSE 200
[info] i  hosting[polychopda-80040]: beginning deploy...
[info] i  hosting[polychopda-80040]: found 1114 files in public
[debug] [2019-06-08T12:38:25.625Z] [hosting] hash cache [cHVibGlj] load error: lines is not defined
[debug] [2019-06-08T12:38:31.334Z] >>> HTTP REQUEST POST https://firebasehosting.googleapis.com/v1beta1/sites/polychopda-80040/versions/3deca2c12af13360:populateFiles  
 <request body omitted>
[debug] [2019-06-08T12:38:32.653Z] [hosting] hash cache [cHVibGlj] stored for 1114 files
[debug] [2019-06-08T12:38:32.654Z] [hosting][hash queue][FINAL]
[debug] [2019-06-08T12:38:32.654Z] >>> HTTP REQUEST POST https://firebasehosting.googleapis.com/v1beta1/sites/polychopda-80040/versions/3deca2c12af13360:populateFiles  
 <request body omitted>
